<?xml version="1.0" encoding="UTF-8"?>
<!-- Generated by org.testng.reporters.JUnitReportReporter -->
<testsuite skipped="0" hostname="X390" name="first.lessonOne" tests="1" failures="0" timestamp="2020-12-22T10:01:45 EST" time="28.936" errors="0">
  <testcase name="url" time="28.936" classname="first.lessonOne"/>
  <system-out/>
</testsuite> <!-- first.lessonOne -->
